{"numTotalTestSuites":10,"numPassedTestSuites":10,"numFailedTestSuites":0,"numPendingTestSuites":0,"numTotalTests":35,"numPassedTests":35,"numFailedTests":0,"numPendingTests":0,"numTodoTests":0,"snapshot":{"added":0,"failure":false,"filesAdded":0,"filesRemoved":0,"filesRemovedList":[],"filesUnmatched":0,"filesUpdated":0,"matched":0,"total":0,"unchecked":0,"uncheckedKeysByFile":[],"unmatched":0,"updated":0,"didUpdate":false},"startTime":1769253653101,"success":true,"testResults":[{"assertionResults":[{"ancestorTitles":["cleanMarkdown"],"fullName":"cleanMarkdown should return empty string when input is empty","status":"passed","title":"should return empty string when input is empty","duration":1.4726000000000568,"failureMessages":[],"meta":{}},{"ancestorTitles":["cleanMarkdown"],"fullName":"cleanMarkdown should return original markdown when no options are provided","status":"passed","title":"should return original markdown when no options are provided","duration":13.341499999999996,"failureMessages":[],"meta":{}},{"ancestorTitles":["cleanMarkdown"],"fullName":"cleanMarkdown should remove emphasis when removeEmphasis is true","status":"passed","title":"should remove emphasis when removeEmphasis is true","duration":2.4525999999999613,"failureMessages":[],"meta":{}},{"ancestorTitles":["cleanMarkdown"],"fullName":"cleanMarkdown should remove strong when removeStrong is true","status":"passed","title":"should remove strong when removeStrong is true","duration":2.2714999999999463,"failureMessages":[],"meta":{}},{"ancestorTitles":["cleanMarkdown"],"fullName":"cleanMarkdown should remove link but keep text when removeLink is true","status":"passed","title":"should remove link but keep text when removeLink is true","duration":2.3051000000000386,"failureMessages":[],"meta":{}},{"ancestorTitles":["cleanMarkdown"],"fullName":"cleanMarkdown should remove image when removeImage is true","status":"passed","title":"should remove image when removeImage is true","duration":1.5423000000000684,"failureMessages":[],"meta":{}},{"ancestorTitles":["cleanMarkdown"],"fullName":"cleanMarkdown should unwrap inline code when removeInlineCode is true","status":"passed","title":"should unwrap inline code when removeInlineCode is true","duration":1.2092000000000098,"failureMessages":[],"meta":{}},{"ancestorTitles":["cleanMarkdown"],"fullName":"cleanMarkdown should remove code block when removeCode is true","status":"passed","title":"should remove code block when removeCode is true","duration":2.1446999999999434,"failureMessages":[],"meta":{}},{"ancestorTitles":["cleanMarkdown"],"fullName":"cleanMarkdown should unwrap heading when removeHeading is true","status":"passed","title":"should unwrap heading when removeHeading is true","duration":1.2183999999999742,"failureMessages":[],"meta":{}},{"ancestorTitles":["cleanMarkdown"],"fullName":"cleanMarkdown should unwrap blockquote when removeBlockquote is true","status":"passed","title":"should unwrap blockquote when removeBlockquote is true","duration":1.6885999999999513,"failureMessages":[],"meta":{}},{"ancestorTitles":["cleanMarkdown"],"fullName":"cleanMarkdown should remove list when removeList is true","status":"passed","title":"should remove list when removeList is true","duration":3.8479999999999563,"failureMessages":[],"meta":{}},{"ancestorTitles":["cleanMarkdown"],"fullName":"cleanMarkdown should remove thematicBreak when removeThematicBreak is true","status":"passed","title":"should remove thematicBreak when removeThematicBreak is true","duration":1.051900000000046,"failureMessages":[],"meta":{}},{"ancestorTitles":["cleanMarkdown"],"fullName":"cleanMarkdown should remove table when removeTable is true","status":"passed","title":"should remove table when removeTable is true","duration":1.9279000000000224,"failureMessages":[],"meta":{}},{"ancestorTitles":["cleanMarkdown"],"fullName":"cleanMarkdown should unwrap strikethrough (delete) when removeDelete is true","status":"passed","title":"should unwrap strikethrough (delete) when removeDelete is true","duration":0.8483999999999696,"failureMessages":[],"meta":{}},{"ancestorTitles":["cleanMarkdown"],"fullName":"cleanMarkdown should remove html when removeHtml is true","status":"passed","title":"should remove html when removeHtml is true","duration":1.7017999999999347,"failureMessages":[],"meta":{}},{"ancestorTitles":["cleanMarkdown"],"fullName":"cleanMarkdown should remove break when removeBreak is true","status":"passed","title":"should remove break when removeBreak is true","duration":0.7377999999999929,"failureMessages":[],"meta":{}},{"ancestorTitles":["cleanMarkdown"],"fullName":"cleanMarkdown should remove footnote when removeFootnote is true","status":"passed","title":"should remove footnote when removeFootnote is true","duration":1.3260999999999967,"failureMessages":[],"meta":{}},{"ancestorTitles":["cleanMarkdown - Complex Cases"],"fullName":"cleanMarkdown - Complex Cases should remove multiple formats simultaneously","status":"passed","title":"should remove multiple formats simultaneously","duration":2.085900000000038,"failureMessages":[],"meta":{}},{"ancestorTitles":["cleanMarkdown - Complex Cases"],"fullName":"cleanMarkdown - Complex Cases should handle nested formatting (Bold inside Link)","status":"passed","title":"should handle nested formatting (Bold inside Link)","duration":2.2182999999999993,"failureMessages":[],"meta":{}},{"ancestorTitles":["cleanMarkdown - Complex Cases"],"fullName":"cleanMarkdown - Complex Cases should handle nested formatting (List with Bold and Code)","status":"passed","title":"should handle nested formatting (List with Bold and Code)","duration":1.0756000000000085,"failureMessages":[],"meta":{}},{"ancestorTitles":["cleanMarkdown - Complex Cases"],"fullName":"cleanMarkdown - Complex Cases should handle nested formatting (Emphasis inside Blockquote)","status":"passed","title":"should handle nested formatting (Emphasis inside Blockquote)","duration":0.7644999999999982,"failureMessages":[],"meta":{}},{"ancestorTitles":["cleanMarkdown - Complex Cases"],"fullName":"cleanMarkdown - Complex Cases should handle GFM Table with inner formatting","status":"passed","title":"should handle GFM Table with inner formatting","duration":1.0720999999999776,"failureMessages":[],"meta":{}}],"startTime":1769253653654,"endTime":1769253653703.072,"status":"passed","message":"","name":"D:/Code/moya/src/modules/markdown-cleaner/core/cleaner.test.ts"},{"assertionResults":[{"ancestorTitles":["file-reader","isMarkdownFile"],"fullName":"file-reader isMarkdownFile should return true for .md files","status":"passed","title":"should return true for .md files","duration":1.6899000000000797,"failureMessages":[],"meta":{}},{"ancestorTitles":["file-reader","isMarkdownFile"],"fullName":"file-reader isMarkdownFile should return true for .markdown files","status":"passed","title":"should return true for .markdown files","duration":0.19889999999998054,"failureMessages":[],"meta":{}},{"ancestorTitles":["file-reader","isMarkdownFile"],"fullName":"file-reader isMarkdownFile should return false for .txt files","status":"passed","title":"should return false for .txt files","duration":0.2418999999999869,"failureMessages":[],"meta":{}},{"ancestorTitles":["file-reader","isMarkdownFile"],"fullName":"file-reader isMarkdownFile should return false for .js files","status":"passed","title":"should return false for .js files","duration":0.3733000000000857,"failureMessages":[],"meta":{}},{"ancestorTitles":["file-reader","isMarkdownFile"],"fullName":"file-reader isMarkdownFile should handle case insensitive extensions","status":"passed","title":"should handle case insensitive extensions","duration":0.34360000000003765,"failureMessages":[],"meta":{}},{"ancestorTitles":["file-reader","validateMarkdownFile"],"fullName":"file-reader validateMarkdownFile should return valid for .md files","status":"passed","title":"should return valid for .md files","duration":0.3265999999999849,"failureMessages":[],"meta":{}},{"ancestorTitles":["file-reader","validateMarkdownFile"],"fullName":"file-reader validateMarkdownFile should return error for non-markdown files","status":"passed","title":"should return error for non-markdown files","duration":0.3835000000000264,"failureMessages":[],"meta":{}},{"ancestorTitles":["file-reader","validateMarkdownFile"],"fullName":"file-reader validateMarkdownFile should return error for too large files (>10MB)","status":"passed","title":"should return error for too large files (>10MB)","duration":26.16140000000007,"failureMessages":[],"meta":{}},{"ancestorTitles":["file-reader","readMarkdownFile"],"fullName":"file-reader readMarkdownFile should read markdown file content successfully","status":"passed","title":"should read markdown file content successfully","duration":2.812000000000012,"failureMessages":[],"meta":{}},{"ancestorTitles":["file-reader","readMarkdownFile"],"fullName":"file-reader readMarkdownFile should handle Korean text correctly","status":"passed","title":"should handle Korean text correctly","duration":0.4178999999999178,"failureMessages":[],"meta":{}},{"ancestorTitles":["file-reader","readMarkdownFile"],"fullName":"file-reader readMarkdownFile should throw error for non-markdown files","status":"passed","title":"should throw error for non-markdown files","duration":1.4324000000000296,"failureMessages":[],"meta":{}},{"ancestorTitles":["file-reader","readMarkdownFile"],"fullName":"file-reader readMarkdownFile should handle empty files","status":"passed","title":"should handle empty files","duration":0.5173999999999523,"failureMessages":[],"meta":{}}],"startTime":1769253654100,"endTime":1769253654135.5173,"status":"passed","message":"","name":"D:/Code/moya/src/modules/markdown-cleaner/core/file-reader.test.ts"},{"assertionResults":[{"ancestorTitles":["Manual Debug"],"fullName":"Manual Debug debug logs","status":"passed","title":"debug logs","duration":13.693899999999985,"failureMessages":[],"meta":{}}],"startTime":1769253653653,"endTime":1769253653666.6938,"status":"passed","message":"","name":"D:/Code/moya/src/modules/markdown-cleaner/core/manual.test.ts"}]}
